Determining if the pthread_create exist failed with the following output:
Change Dir: /ccs/home/jsitaraman/pifus/build/CMakeFiles/CMakeTmp

Run Build Command:"/usr/bin/gmake" "cmTC_d2b1b/fast"
/usr/bin/gmake -f CMakeFiles/cmTC_d2b1b.dir/build.make CMakeFiles/cmTC_d2b1b.dir/build
gmake[1]: Entering directory `/autofs/nccs-svm1_home1/jsitaraman/pifus/build/CMakeFiles/CMakeTmp'
Building C object CMakeFiles/cmTC_d2b1b.dir/CheckSymbolExists.c.o
/sw/summitdev/gcc/5.4.0new/bin/gcc   -fPIC    -o CMakeFiles/cmTC_d2b1b.dir/CheckSymbolExists.c.o   -c /ccs/home/jsitaraman/pifus/build/CMakeFiles/CMakeTmp/CheckSymbolExists.c
Linking C executable cmTC_d2b1b
/autofs/nccs-svm1_sw/summitdev/.swci/0-core/opt/spack/20171006/linux-rhel7-ppc64le/gcc-4.8.5/cmake-3.9.2-lnpnk356fyio3b6rq5bdhr2djjirtsxk/bin/cmake -E cmake_link_script CMakeFiles/cmTC_d2b1b.dir/link.txt --verbose=1
/sw/summitdev/gcc/5.4.0new/bin/gcc -fPIC     -rdynamic CMakeFiles/cmTC_d2b1b.dir/CheckSymbolExists.c.o  -o cmTC_d2b1b 
CMakeFiles/cmTC_d2b1b.dir/CheckSymbolExists.c.o:(.toc+0x0): undefined reference to `pthread_create'
/usr/bin/ld: link errors found, deleting executable `cmTC_d2b1b'
/usr/bin/sha1sum: cmTC_d2b1b: No such file or directory
collect2: error: ld returned 1 exit status
gmake[1]: *** [cmTC_d2b1b] Error 1
gmake[1]: Leaving directory `/autofs/nccs-svm1_home1/jsitaraman/pifus/build/CMakeFiles/CMakeTmp'
gmake: *** [cmTC_d2b1b/fast] Error 2

File /ccs/home/jsitaraman/pifus/build/CMakeFiles/CMakeTmp/CheckSymbolExists.c:
/* */
#include <pthread.h>

int main(int argc, char** argv)
{
  (void)argv;
#ifndef pthread_create
  return ((int*)(&pthread_create))[argc];
#else
  (void)argc;
  return 0;
#endif
}

Determining if the function pthread_create exists in the pthreads failed with the following output:
Change Dir: /ccs/home/jsitaraman/pifus/build/CMakeFiles/CMakeTmp

Run Build Command:"/usr/bin/gmake" "cmTC_ea7fd/fast"
/usr/bin/gmake -f CMakeFiles/cmTC_ea7fd.dir/build.make CMakeFiles/cmTC_ea7fd.dir/build
gmake[1]: Entering directory `/autofs/nccs-svm1_home1/jsitaraman/pifus/build/CMakeFiles/CMakeTmp'
Building C object CMakeFiles/cmTC_ea7fd.dir/CheckFunctionExists.c.o
/sw/summitdev/gcc/5.4.0new/bin/gcc   -fPIC -DCHECK_FUNCTION_EXISTS=pthread_create   -o CMakeFiles/cmTC_ea7fd.dir/CheckFunctionExists.c.o   -c /autofs/nccs-svm1_sw/summitdev/.swci/0-core/opt/spack/20171006/linux-rhel7-ppc64le/gcc-4.8.5/cmake-3.9.2-lnpnk356fyio3b6rq5bdhr2djjirtsxk/share/cmake-3.9/Modules/CheckFunctionExists.c
Linking C executable cmTC_ea7fd
/autofs/nccs-svm1_sw/summitdev/.swci/0-core/opt/spack/20171006/linux-rhel7-ppc64le/gcc-4.8.5/cmake-3.9.2-lnpnk356fyio3b6rq5bdhr2djjirtsxk/bin/cmake -E cmake_link_script CMakeFiles/cmTC_ea7fd.dir/link.txt --verbose=1
/sw/summitdev/gcc/5.4.0new/bin/gcc -fPIC -DCHECK_FUNCTION_EXISTS=pthread_create    -rdynamic CMakeFiles/cmTC_ea7fd.dir/CheckFunctionExists.c.o  -o cmTC_ea7fd -lpthreads 
/usr/bin/ld: cannot find -lpthreads
/usr/bin/sha1sum: cmTC_ea7fd: No such file or directory
collect2: error: ld returned 1 exit status
gmake[1]: *** [cmTC_ea7fd] Error 1
gmake[1]: Leaving directory `/autofs/nccs-svm1_home1/jsitaraman/pifus/build/CMakeFiles/CMakeTmp'
gmake: *** [cmTC_ea7fd/fast] Error 2


